Compiled with: LFENCE,

Case: Secret = 1, Training_bounds = 400, Malicious_bounds = 400
                  35	FRONTEND_RETIRED.L1I_MISS
               90044	IDQ.DSB_UOPS
               22668	DSB2MITE_SWITCHES.PENALTY_CYCLES
              124047	IDQ.MITE_UOPS
              214091	TOTAL_UOPS

Case: Secret = 0, Training_bounds = 400, Malicious_bounds = 400
                 115	FRONTEND_RETIRED.L1I_MISS
              136906	IDQ.DSB_UOPS
               18120	DSB2MITE_SWITCHES.PENALTY_CYCLES
               77649	IDQ.MITE_UOPS
              214555	TOTAL_UOPS

Case: Secret = 1, Training_bounds = 400, Malicious_bounds = 9001
                 448	FRONTEND_RETIRED.L1I_MISS
               94180	IDQ.DSB_UOPS
               22353	DSB2MITE_SWITCHES.PENALTY_CYCLES
              120716	IDQ.MITE_UOPS
              214896	TOTAL_UOPS

Case: Secret = 0, Training_bounds = 400, Malicious_bounds = 9001
                 277	FRONTEND_RETIRED.L1I_MISS
              104522	IDQ.DSB_UOPS
               20336	DSB2MITE_SWITCHES.PENALTY_CYCLES
              109895	IDQ.MITE_UOPS
              214417	TOTAL_UOPS

Case: Secret = 1, Training_bounds = 9001, Malicious_bounds = 9001
                 250	FRONTEND_RETIRED.L1I_MISS
              126694	IDQ.DSB_UOPS
               17979	DSB2MITE_SWITCHES.PENALTY_CYCLES
               89605	IDQ.MITE_UOPS
              216299	TOTAL_UOPS

Case: Secret = 0, Training_bounds = 9001, Malicious_bounds = 9001
                 452	FRONTEND_RETIRED.L1I_MISS
               95529	IDQ.DSB_UOPS
               22382	DSB2MITE_SWITCHES.PENALTY_CYCLES
              119173	IDQ.MITE_UOPS
              214702	TOTAL_UOPS
